\BOOKMARK [0][-]{Doc-Start}{ABSTRAK}{}% 1
\BOOKMARK [0][-]{Doc-Start}{ABSTRACT}{}% 2
\BOOKMARK [0][-]{chapter*.1}{Kata\040Pengantar}{}% 3
\BOOKMARK [0][-]{chapter*.2}{DAFTAR\040ISI}{}% 4
\BOOKMARK [0][-]{chapter*.3}{DAFTAR\040TABEL}{}% 5
\BOOKMARK [0][-]{chapter*.4}{DAFTAR\040GAMBAR}{}% 6
\BOOKMARK [0][-]{chapter*.5}{DAFTAR\040KODE\040SUMBER}{}% 7
\BOOKMARK [0][-]{chapter.1}{PENDAHULUAN}{}% 8
\BOOKMARK [1][-]{section.1.1}{Latar\040Belakang}{chapter.1}% 9
\BOOKMARK [1][-]{section.1.2}{Rumusan\040Masalah}{chapter.1}% 10
\BOOKMARK [1][-]{section.1.3}{Batasan\040Masalah}{chapter.1}% 11
\BOOKMARK [1][-]{section.1.4}{Tujuan}{chapter.1}% 12
\BOOKMARK [1][-]{section.1.5}{Manfaat}{chapter.1}% 13
\BOOKMARK [1][-]{section.1.6}{Metodologi}{chapter.1}% 14
\BOOKMARK [2][-]{subsection.1.6.1}{Penyusunan\040Proposal\040Tugas\040Akhir}{section.1.6}% 15
\BOOKMARK [2][-]{subsection.1.6.2}{Studi\040Literatur}{section.1.6}% 16
\BOOKMARK [2][-]{subsection.1.6.3}{Analisis\040dan\040Desain\040Perangkat\040Lunak}{section.1.6}% 17
\BOOKMARK [2][-]{subsection.1.6.4}{Implementasi\040Perangkat\040Lunak}{section.1.6}% 18
\BOOKMARK [2][-]{subsection.1.6.5}{Pengujian\040dan\040Evaluasi}{section.1.6}% 19
\BOOKMARK [2][-]{subsection.1.6.6}{Penyusunan\040Buku\040Tugas\040Akhir}{section.1.6}% 20
\BOOKMARK [1][-]{section.1.7}{Sistematika\040Penulisan}{chapter.1}% 21
\BOOKMARK [0][-]{chapter.2}{TINJAUAN\040PUSTAKA}{}% 22
\BOOKMARK [1][-]{section.2.1}{Headless\040Browser}{chapter.2}% 23
\BOOKMARK [1][-]{section.2.2}{Node.js}{chapter.2}% 24
\BOOKMARK [2][-]{subsection.2.2.1}{Puppeteer}{section.2.2}% 25
\BOOKMARK [1][-]{section.2.3}{Docker}{chapter.2}% 26
\BOOKMARK [2][-]{subsection.2.3.1}{Docker\040Swarm}{section.2.3}% 27
\BOOKMARK [1][-]{section.2.4}{Laravel}{chapter.2}% 28
\BOOKMARK [0][-]{chapter.3}{DESAIN\040DAN\040PERANCANGAN}{}% 29
\BOOKMARK [1][-]{section.3.1}{Deskripsi\040Umum\040Sistem}{chapter.3}% 30
\BOOKMARK [1][-]{section.3.2}{Kasus\040Penggunaan}{chapter.3}% 31
\BOOKMARK [1][-]{section.3.3}{Arsitektur\040Sistem}{chapter.3}% 32
\BOOKMARK [2][-]{subsection.3.3.1}{Desain\040Umum\040Sistem}{section.3.3}% 33
\BOOKMARK [2][-]{subsection.3.3.2}{Perancangan\040Load\040Generator}{section.3.3}% 34
\BOOKMARK [2][-]{subsection.3.3.3}{Perancangan\040Pengambil\040Data\040Uji\040Beban}{section.3.3}% 35
\BOOKMARK [2][-]{subsection.3.3.4}{Perancangan\040Web\040Service}{section.3.3}% 36
\BOOKMARK [2][-]{subsection.3.3.5}{Perancangan\040Task\040Queue}{section.3.3}% 37
\BOOKMARK [0][-]{chapter.4}{IMPLEMENTASI}{}% 38
\BOOKMARK [1][-]{section.4.1}{Lingkungan\040Implementasi}{chapter.4}% 39
\BOOKMARK [2][-]{subsection.4.1.1}{Perangkat\040Keras}{section.4.1}% 40
\BOOKMARK [2][-]{subsection.4.1.2}{Perangkat\040Lunak}{section.4.1}% 41
\BOOKMARK [1][-]{section.4.2}{Implementasi\040Load\040Generator}{chapter.4}% 42
\BOOKMARK [2][-]{subsection.4.2.1}{Implementasi\040Pembuatan\040Docker\040Image}{section.4.2}% 43
\BOOKMARK [2][-]{subsection.4.2.2}{Implementasi\040Pembuatan\040Lingkungan\040Kontainer}{section.4.2}% 44
\BOOKMARK [2][-]{subsection.4.2.3}{Implementasi\040Pemasangan\040Headless\040Chrome\040dan\040Puppeteer}{section.4.2}% 45
\BOOKMARK [1][-]{section.4.3}{Implementasi\040Pengambil\040Data\040Uji\040Beban}{chapter.4}% 46
\BOOKMARK [1][-]{section.4.4}{Implementasi\040Web\040Service}{chapter.4}% 47
\BOOKMARK [2][-]{subsection.4.4.1}{Implementasi\040Basis\040Data}{section.4.4}% 48
\BOOKMARK [1][-]{section.4.5}{Implementasi\040Task\040Queue}{chapter.4}% 49
\BOOKMARK [0][-]{chapter.5}{PENGUJIAN\040DAN\040EVALUASI}{}% 50
\BOOKMARK [1][-]{section.5.1}{Lingkungan\040Uji\040Coba}{chapter.5}% 51
\BOOKMARK [1][-]{section.5.2}{Skenario\040Uji\040Coba}{chapter.5}% 52
\BOOKMARK [2][-]{subsection.5.2.1}{Skenario\040Uji\040Fungsionalitas}{section.5.2}% 53
\BOOKMARK [1][-]{section.5.3}{Hasil\040Uji\040Coba\040dan\040Evaluasi}{chapter.5}% 54
\BOOKMARK [2][-]{subsection.5.3.1}{Uji\040Fungsionalitas}{section.5.3}% 55
\BOOKMARK [0][-]{chapter.6}{PENUTUP}{}% 56
\BOOKMARK [1][-]{section.6.1}{Kesimpulan}{chapter.6}% 57
\BOOKMARK [1][-]{section.6.2}{Saran}{chapter.6}% 58
\BOOKMARK [0][-]{chapter*.15}{DAFTAR\040PUSTAKA}{}% 59
\BOOKMARK [0][-]{appendix.A}{INSTALASI\040PERANGKAT\040LUNAK}{}% 60
\BOOKMARK [0][-]{appendix.B}{KODE\040SUMBER}{}% 61
\BOOKMARK [0][-]{appendix*.16}{BIODATA\040PENULIS}{}% 62
